<?xml version="1.0" encoding="UTF-8"?>
<!-- Generated by org.testng.reporters.JUnitReportReporter -->
<testsuite hostname="GSK-QA-065" failures="0" tests="1" name="firsttesting.First" time="0.005" errors="0" timestamp="2025-05-05T10:15:24 IST" skipped="0">
  <testcase classname="firsttesting.First" name="setUp" time="0.005"/>
</testsuite> <!-- firsttesting.First -->
